<?xml version="1.0" encoding="UTF-8"?>
<testng-results ignored="0" total="1" passed="1" failed="0" skipped="0">
  <reporter-output>
  </reporter-output>
  <suite started-at="2020-07-26T16:49:03Z" name="Suite" finished-at="2020-07-26T16:49:05Z" duration-ms="1355">
    <groups>
    </groups>
    <test started-at="2020-07-26T16:49:03Z" name="Test" finished-at="2020-07-26T16:49:05Z" duration-ms="1355">
      <class name="com.api.petstore.tests.PetTest">
        <test-method signature="findPetByStatus()[pri:0, instance:com.api.petstore.tests.PetTest@42b3b079]" started-at="2020-07-26T16:49:03Z" name="findPetByStatus" finished-at="2020-07-26T16:49:05Z" duration-ms="1342" status="PASS">
          <reporter-output>
          </reporter-output>
        </test-method> <!-- findPetByStatus -->
      </class> <!-- com.api.petstore.tests.PetTest -->
    </test> <!-- Test -->
  </suite> <!-- Suite -->
</testng-results>
